<?xml version="1.0" encoding="utf-8"?><testsuites name="pytest tests"><testsuite name="pytest" errors="0" failures="1" skipped="0" tests="14" time="14.238" timestamp="2026-04-11T21:54:06.482527+00:00" hostname="agent-env-f0513328-d155-4142-9ce2-c65e16ec62b3"><testcase classname="backend.tests.test_repid_cart_api.TestHealthCheck" name="test_health_endpoint" time="0.227" /><testcase classname="backend.tests.test_repid_cart_api.TestPinLogin" name="test_login_with_valid_pin" time="0.758" /><testcase classname="backend.tests.test_repid_cart_api.TestPinLogin" name="test_login_with_invalid_pin" time="0.317" /><testcase classname="backend.tests.test_repid_cart_api.TestOrdersEndpoint" name="test_get_pending_orders" time="0.660" /><testcase classname="backend.tests.test_repid_cart_api.TestOrdersEndpoint" name="test_get_completed_orders" time="0.720" /><testcase classname="backend.tests.test_repid_cart_api.TestOrdersEndpoint" name="test_get_skipped_orders" time="0.703" /><testcase classname="backend.tests.test_repid_cart_api.TestScheduledOrdersEndpoint" name="test_get_scheduled_orders_with_date_filter" time="0.425" /><testcase classname="backend.tests.test_repid_cart_api.TestScheduledOrdersEndpoint" name="test_get_single_scheduled_order" time="0.439" /><testcase classname="backend.tests.test_repid_cart_api.TestScheduledOrdersEndpoint" name="test_get_nonexistent_scheduled_order" time="0.296"><failure message="assert 500 == 404&#10; +  where 500 = &lt;Response [500]&gt;.status_code">backend/tests/test_repid_cart_api.py:145: in test_get_nonexistent_scheduled_order
    assert response.status_code == 404
E   assert 500 == 404
E    +  where 500 = &lt;Response [500]&gt;.status_code</failure></testcase><testcase classname="backend.tests.test_repid_cart_api.TestScheduledOrderUpdate" name="test_patch_scheduled_order_status" time="1.150" /><testcase classname="backend.tests.test_repid_cart_api.TestPartnerStats" name="test_get_partner_stats" time="7.139" /><testcase classname="backend.tests.test_repid_cart_api.TestPartnerStats" name="test_get_partner_profile" time="0.655" /><testcase classname="backend.tests.test_repid_cart_api.TestPhotoUploadEndpoint" name="test_photo_upload_endpoint_exists" time="0.105" /><testcase classname="backend.tests.test_repid_cart_api.TestResponsePerformance" name="test_orders_list_response_size" time="0.453" /></testsuite></testsuites>